<?xml version="1.0" encoding="UTF-8"?>
<!-- Generated by org.testng.reporters.JUnitReportReporter -->
<testsuite hostname="EC2AMAZ-8K1VTOL" failures="0" tests="1" name="test.sampletest" time="0.094" errors="0" timestamp="2022-08-24T02:37:34 GMT" skipped="0">
  <testcase classname="test.sampletest" name="logic" time="0.094"/>
  <system-out/>
</testsuite> <!-- test.sampletest -->
