<?xml version="1.0" encoding="UTF-8"?>
<!-- Generated by org.testng.reporters.JUnitReportReporter -->
<testsuite hostname="EC2AMAZ-8K1VTOL" failures="0" tests="5" name="test.Assignment9_LoginValidation" time="12.457" errors="0" timestamp="2022-08-22T19:24:10 GMT" skipped="0">
  <testcase classname="test.Assignment9_LoginValidation" name="delaywait" time="0.586"/>
  <system-out/>
  <testcase classname="test.Assignment9_LoginValidation" name="Hover_Menu" time="0.766"/>
  <system-out/>
  <testcase classname="test.Assignment9_LoginValidation" name="switching_the_tabs" time="5.499"/>
  <system-out/>
  <testcase classname="test.Assignment9_LoginValidation" name="Adding_the_product" time="5.264"/>
  <system-out/>
  <testcase classname="test.Assignment9_LoginValidation" name="Validating_Message" time="0.342"/>
  <system-out>
    <![CDATA[Expected title = Product added to cart
Actual title = Product added to cart]]>
  </system-out>
</testsuite> <!-- test.Assignment9_LoginValidation -->
